0 info it worked if it ends with ok
1 verbose cli [ '/usr/local/bin/node',
1 verbose cli   '/usr/local/bin/npm',
1 verbose cli   'install',
1 verbose cli   'canvas' ]
2 info using npm@2.15.9
3 info using node@v4.6.1
4 verbose config Skipping project config: /Users/Adecrown/.npmrc. (matches userconfig)
5 verbose install initial load of /Users/Adecrown/package.json
6 verbose installManyTop reading scoped package data from /Users/Adecrown/node_modules/ws/package.json
7 verbose readDependencies loading dependencies from /Users/Adecrown/package.json
8 silly cache add args [ 'canvas', null ]
9 verbose cache add spec canvas
10 silly cache add parsed spec Result {
10 silly cache add   raw: 'canvas',
10 silly cache add   scope: null,
10 silly cache add   name: 'canvas',
10 silly cache add   rawSpec: '',
10 silly cache add   spec: 'latest',
10 silly cache add   type: 'tag' }
11 silly addNamed canvas@latest
12 verbose addNamed "latest" is being treated as a dist-tag for canvas
13 info addNameTag [ 'canvas', 'latest' ]
14 silly mapToRegistry name canvas
15 silly mapToRegistry using default registry
16 silly mapToRegistry registry https://registry.npmjs.org/
17 silly mapToRegistry data Result {
17 silly mapToRegistry   raw: 'canvas',
17 silly mapToRegistry   scope: null,
17 silly mapToRegistry   name: 'canvas',
17 silly mapToRegistry   rawSpec: '',
17 silly mapToRegistry   spec: 'latest',
17 silly mapToRegistry   type: 'tag' }
18 silly mapToRegistry uri https://registry.npmjs.org/canvas
19 verbose addNameTag registry:https://registry.npmjs.org/canvas not in flight; fetching
20 verbose request uri https://registry.npmjs.org/canvas
21 verbose request no auth needed
22 info attempt registry request try #1 at 4:03:00 PM
23 verbose request id 5444cae26e525f65
24 verbose etag "3CIX0C30RD00CBQWTKWE6307Q"
25 http request GET https://registry.npmjs.org/canvas
26 http 304 https://registry.npmjs.org/canvas
27 verbose headers { date: 'Mon, 24 Oct 2016 15:03:00 GMT',
27 verbose headers   via: '1.1 varnish',
27 verbose headers   'cache-control': 'max-age=300',
27 verbose headers   etag: '"3CIX0C30RD00CBQWTKWE6307Q"',
27 verbose headers   age: '289',
27 verbose headers   connection: 'keep-alive',
27 verbose headers   'x-served-by': 'cache-lcy1138-LCY',
27 verbose headers   'x-cache': 'HIT',
27 verbose headers   'x-cache-hits': '1',
27 verbose headers   'x-timer': 'S1477321380.199241,VS0,VE0',
27 verbose headers   vary: 'Accept-Encoding' }
28 silly get cb [ 304,
28 silly get   { date: 'Mon, 24 Oct 2016 15:03:00 GMT',
28 silly get     via: '1.1 varnish',
28 silly get     'cache-control': 'max-age=300',
28 silly get     etag: '"3CIX0C30RD00CBQWTKWE6307Q"',
28 silly get     age: '289',
28 silly get     connection: 'keep-alive',
28 silly get     'x-served-by': 'cache-lcy1138-LCY',
28 silly get     'x-cache': 'HIT',
28 silly get     'x-cache-hits': '1',
28 silly get     'x-timer': 'S1477321380.199241,VS0,VE0',
28 silly get     vary: 'Accept-Encoding' } ]
29 verbose etag https://registry.npmjs.org/canvas from cache
30 verbose get saving canvas to /Users/Adecrown/.npm/registry.npmjs.org/canvas/.cache.json
31 verbose correctMkdir /Users/Adecrown/.npm correctMkdir not in flight; initializing
32 silly addNameTag next cb for canvas with tag latest
33 silly addNamed canvas@1.6.1
34 verbose addNamed "1.6.1" is a plain semver version for canvas
35 silly cache afterAdd canvas@1.6.1
36 verbose afterAdd /Users/Adecrown/.npm/canvas/1.6.1/package/package.json not in flight; writing
37 verbose correctMkdir /Users/Adecrown/.npm correctMkdir not in flight; initializing
38 verbose afterAdd /Users/Adecrown/.npm/canvas/1.6.1/package/package.json written
39 silly install resolved [ { name: 'canvas',
39 silly install resolved     description: 'Canvas graphics API backed by Cairo',
39 silly install resolved     version: '1.6.1',
39 silly install resolved     author: { name: 'TJ Holowaychuk', email: 'tj@learnboost.com' },
39 silly install resolved     contributors: [ [Object], [Object], [Object] ],
39 silly install resolved     keywords:
39 silly install resolved      [ 'canvas',
39 silly install resolved        'graphic',
39 silly install resolved        'graphics',
39 silly install resolved        'pixman',
39 silly install resolved        'cairo',
39 silly install resolved        'image',
39 silly install resolved        'images',
39 silly install resolved        'pdf' ],
39 silly install resolved     homepage: 'https://github.com/Automattic/node-canvas',
39 silly install resolved     repository:
39 silly install resolved      { type: 'git',
39 silly install resolved        url: 'git://github.com/Automattic/node-canvas.git' },
39 silly install resolved     scripts:
39 silly install resolved      { prebenchmark: 'node-gyp build',
39 silly install resolved        benchmark: 'node benchmarks/run.js',
39 silly install resolved        pretest: 'node-gyp build',
39 silly install resolved        test: 'standard examples/*.js && mocha test/*.test.js',
39 silly install resolved        'pretest-server': 'node-gyp build',
39 silly install resolved        'test-server': 'node test/server.js',
39 silly install resolved        install: 'node-gyp rebuild' },
39 silly install resolved     dependencies: { nan: '^2.3.2' },
39 silly install resolved     devDependencies:
39 silly install resolved      { 'body-parser': '^1.13.3',
39 silly install resolved        express: '^4.13.2',
39 silly install resolved        pug: '^2.0.0-beta3',
39 silly install resolved        mocha: '*',
39 silly install resolved        standard: '^7.1.1' },
39 silly install resolved     engines: { node: '>=0.8.0' },
39 silly install resolved     main: './lib/canvas.js',
39 silly install resolved     license: 'MIT',
39 silly install resolved     gypfile: true,
39 silly install resolved     gitHead: 'fcf0ddcc2878c4bc168e5d08e8764d2c90bd7b3c',
39 silly install resolved     bugs: { url: 'https://github.com/Automattic/node-canvas/issues' },
39 silly install resolved     _id: 'canvas@1.6.1',
39 silly install resolved     _shasum: 'd331f5dbb184a4faf5b0a00f265517165ad6d8ae',
39 silly install resolved     _from: 'canvas@latest',
39 silly install resolved     _npmVersion: '3.10.7',
39 silly install resolved     _nodeVersion: '6.7.0',
39 silly install resolved     _npmUser: { name: 'linusu', email: 'linus@folkdatorn.se' },
39 silly install resolved     dist:
39 silly install resolved      { shasum: 'd331f5dbb184a4faf5b0a00f265517165ad6d8ae',
39 silly install resolved        tarball: 'https://registry.npmjs.org/canvas/-/canvas-1.6.1.tgz' },
39 silly install resolved     maintainers: [ [Object], [Object], [Object], [Object], [Object], [Object] ],
39 silly install resolved     _npmOperationalInternal:
39 silly install resolved      { host: 'packages-12-west.internal.npmjs.com',
39 silly install resolved        tmp: 'tmp/canvas-1.6.1.tgz_1477228668724_0.6072116971481591' },
39 silly install resolved     directories: {},
39 silly install resolved     _resolved: 'https://registry.npmjs.org/canvas/-/canvas-1.6.1.tgz',
39 silly install resolved     readme: 'ERROR: No README data found!' } ]
40 info install canvas@1.6.1 into /Users/Adecrown
41 info installOne canvas@1.6.1
42 verbose installOne of canvas to /Users/Adecrown not in flight; installing
43 verbose correctMkdir /Users/Adecrown/.npm/_locks correctMkdir not in flight; initializing
44 verbose lock using /Users/Adecrown/.npm/_locks/canvas-607c1912bd150011.lock for /Users/Adecrown/node_modules/canvas
45 silly install write writing canvas 1.6.1 to /Users/Adecrown/node_modules/canvas
46 verbose unbuild node_modules/canvas
47 silly gentlyRm /Users/Adecrown/node_modules/canvas is being purged from base /Users/Adecrown
48 verbose gentlyRm don't care about contents; nuking /Users/Adecrown/node_modules/canvas
49 verbose tar unpack /Users/Adecrown/.npm/canvas/1.6.1/package.tgz
50 verbose tar unpacking to /Users/Adecrown/node_modules/canvas
51 silly gentlyRm /Users/Adecrown/node_modules/canvas is being purged
52 verbose gentlyRm don't care about contents; nuking /Users/Adecrown/node_modules/canvas
53 silly gunzTarPerm modes [ '755', '644' ]
54 silly gunzTarPerm extractEntry package.json
55 silly gunzTarPerm extractEntry .npmignore
56 silly gunzTarPerm extractEntry index.js
57 silly gunzTarPerm extractEntry History.md
58 silly gunzTarPerm extractEntry Readme.md
59 silly gunzTarPerm extractEntry binding.gyp
60 silly gunzTarPerm extractEntry .github/ISSUE_TEMPLATE.md
61 silly gunzTarPerm extractEntry lib/bindings.js
62 silly gunzTarPerm extractEntry lib/canvas.js
63 silly gunzTarPerm extractEntry lib/context2d.js
64 silly gunzTarPerm extractEntry lib/image.js
65 silly gunzTarPerm extractEntry lib/jpegstream.js
66 silly gunzTarPerm extractEntry lib/pdfstream.js
67 silly gunzTarPerm extractEntry lib/pngstream.js
68 silly gunzTarPerm extractEntry .travis.yml
69 silly gunzTarPerm extractEntry src/Image.cc
70 silly gunzTarPerm extractEntry src/Canvas.cc
71 silly gunzTarPerm extractEntry src/CanvasGradient.cc
72 silly gunzTarPerm extractEntry src/CanvasGradient.h
73 silly gunzTarPerm extractEntry src/CanvasPattern.cc
74 silly gunzTarPerm extractEntry src/CanvasPattern.h
75 silly gunzTarPerm extractEntry src/CanvasRenderingContext2d.cc
76 silly gunzTarPerm extractEntry src/CanvasRenderingContext2d.h
77 silly gunzTarPerm extractEntry src/FontFace.cc
78 silly gunzTarPerm extractEntry src/FontFace.h
79 silly gunzTarPerm extractEntry src/Canvas.h
80 silly gunzTarPerm extractEntry src/Image.h
81 silly gunzTarPerm extractEntry src/ImageData.cc
82 silly gunzTarPerm extractEntry src/ImageData.h
83 silly gunzTarPerm extractEntry src/JPEGStream.h
84 silly gunzTarPerm extractEntry src/PNG.h
85 silly gunzTarPerm extractEntry src/Point.h
86 silly gunzTarPerm extractEntry src/closure.h
87 silly gunzTarPerm extractEntry src/color.cc
88 silly gunzTarPerm extractEntry src/color.h
89 silly gunzTarPerm extractEntry src/init.cc
90 silly gunzTarPerm extractEntry util/has_lib.sh
91 verbose write writing to /Users/Adecrown/node_modules/canvas/package.json
92 info preinstall canvas@1.6.1
93 verbose readDependencies loading dependencies from /Users/Adecrown/node_modules/canvas/package.json
94 silly prepareForInstallMany adding nan@^2.3.2 from canvas dependencies
95 verbose readDependencies loading dependencies from /Users/Adecrown/node_modules/canvas/package.json
96 silly cache add args [ 'nan@^2.3.2', null ]
97 verbose cache add spec nan@^2.3.2
98 silly cache add parsed spec Result {
98 silly cache add   raw: 'nan@^2.3.2',
98 silly cache add   scope: null,
98 silly cache add   name: 'nan',
98 silly cache add   rawSpec: '^2.3.2',
98 silly cache add   spec: '>=2.3.2 <3.0.0',
98 silly cache add   type: 'range' }
99 silly addNamed nan@>=2.3.2 <3.0.0
100 verbose addNamed ">=2.3.2 <3.0.0" is a valid semver range for nan
101 silly addNameRange { name: 'nan', range: '>=2.3.2 <3.0.0', hasData: false }
102 silly mapToRegistry name nan
103 silly mapToRegistry using default registry
104 silly mapToRegistry registry https://registry.npmjs.org/
105 silly mapToRegistry data Result {
105 silly mapToRegistry   raw: 'nan',
105 silly mapToRegistry   scope: null,
105 silly mapToRegistry   name: 'nan',
105 silly mapToRegistry   rawSpec: '',
105 silly mapToRegistry   spec: 'latest',
105 silly mapToRegistry   type: 'tag' }
106 silly mapToRegistry uri https://registry.npmjs.org/nan
107 verbose addNameRange registry:https://registry.npmjs.org/nan not in flight; fetching
108 verbose request uri https://registry.npmjs.org/nan
109 verbose request no auth needed
110 info attempt registry request try #1 at 4:03:00 PM
111 verbose etag "2QXFPVXUU9DUUTAACVV4FOU2Z"
112 http request GET https://registry.npmjs.org/nan
113 http 304 https://registry.npmjs.org/nan
114 verbose headers { date: 'Mon, 24 Oct 2016 15:03:00 GMT',
114 verbose headers   via: '1.1 varnish',
114 verbose headers   'cache-control': 'max-age=300',
114 verbose headers   etag: '"2QXFPVXUU9DUUTAACVV4FOU2Z"',
114 verbose headers   age: '201',
114 verbose headers   connection: 'keep-alive',
114 verbose headers   'x-served-by': 'cache-lcy1138-LCY',
114 verbose headers   'x-cache': 'HIT',
114 verbose headers   'x-cache-hits': '8',
114 verbose headers   'x-timer': 'S1477321380.341918,VS0,VE0',
114 verbose headers   vary: 'Accept-Encoding' }
115 silly get cb [ 304,
115 silly get   { date: 'Mon, 24 Oct 2016 15:03:00 GMT',
115 silly get     via: '1.1 varnish',
115 silly get     'cache-control': 'max-age=300',
115 silly get     etag: '"2QXFPVXUU9DUUTAACVV4FOU2Z"',
115 silly get     age: '201',
115 silly get     connection: 'keep-alive',
115 silly get     'x-served-by': 'cache-lcy1138-LCY',
115 silly get     'x-cache': 'HIT',
115 silly get     'x-cache-hits': '8',
115 silly get     'x-timer': 'S1477321380.341918,VS0,VE0',
115 silly get     vary: 'Accept-Encoding' } ]
116 verbose etag https://registry.npmjs.org/nan from cache
117 verbose get saving nan to /Users/Adecrown/.npm/registry.npmjs.org/nan/.cache.json
118 verbose correctMkdir /Users/Adecrown/.npm correctMkdir not in flight; initializing
119 silly addNameRange number 2 { name: 'nan', range: '>=2.3.2 <3.0.0', hasData: true }
120 silly addNameRange versions [ 'nan',
120 silly addNameRange   [ '0.3.0-wip',
120 silly addNameRange     '0.3.0-wip2',
120 silly addNameRange     '0.3.0',
120 silly addNameRange     '0.3.1',
120 silly addNameRange     '0.3.2',
120 silly addNameRange     '0.4.0',
120 silly addNameRange     '0.4.1',
120 silly addNameRange     '0.4.2',
120 silly addNameRange     '0.4.3',
120 silly addNameRange     '0.4.4',
120 silly addNameRange     '0.5.0',
120 silly addNameRange     '0.5.1',
120 silly addNameRange     '0.5.2',
120 silly addNameRange     '0.6.0',
120 silly addNameRange     '0.7.0',
120 silly addNameRange     '0.7.1',
120 silly addNameRange     '0.8.0',
120 silly addNameRange     '1.0.0',
120 silly addNameRange     '1.1.0',
120 silly addNameRange     '1.1.1',
120 silly addNameRange     '1.1.2',
120 silly addNameRange     '1.2.0',
120 silly addNameRange     '1.3.0',
120 silly addNameRange     '1.4.0',
120 silly addNameRange     '1.4.1',
120 silly addNameRange     '1.5.0',
120 silly addNameRange     '1.4.2',
120 silly addNameRange     '1.4.3',
120 silly addNameRange     '1.5.1',
120 silly addNameRange     '1.5.2',
120 silly addNameRange     '1.6.0',
120 silly addNameRange     '1.5.3',
120 silly addNameRange     '1.6.1',
120 silly addNameRange     '1.6.2',
120 silly addNameRange     '1.7.0',
120 silly addNameRange     '1.8.0',
120 silly addNameRange     '1.8.1',
120 silly addNameRange     '1.8.2',
120 silly addNameRange     '1.8.3',
120 silly addNameRange     '1.8.4',
120 silly addNameRange     '1.9.0',
120 silly addNameRange     '2.0.0',
120 silly addNameRange     '2.0.1',
120 silly addNameRange     '2.0.2',
120 silly addNameRange     '2.0.3',
120 silly addNameRange     '2.0.4',
120 silly addNameRange     '2.0.5',
120 silly addNameRange     '2.0.6',
120 silly addNameRange     '2.0.7',
120 silly addNameRange     '2.0.8',
120 silly addNameRange     '2.0.9',
120 silly addNameRange     '2.1.0',
120 silly addNameRange     '2.2.0',
120 silly addNameRange     '2.2.1',
120 silly addNameRange     '2.3.0',
120 silly addNameRange     '2.3.1',
120 silly addNameRange     '2.3.2',
120 silly addNameRange     '2.3.3',
120 silly addNameRange     '2.3.4',
120 silly addNameRange     '2.3.5',
120 silly addNameRange     '2.4.0' ] ]
121 silly addNamed nan@2.4.0
122 verbose addNamed "2.4.0" is a plain semver version for nan
123 silly cache afterAdd nan@2.4.0
124 verbose afterAdd /Users/Adecrown/.npm/nan/2.4.0/package/package.json not in flight; writing
125 verbose correctMkdir /Users/Adecrown/.npm correctMkdir not in flight; initializing
126 verbose afterAdd /Users/Adecrown/.npm/nan/2.4.0/package/package.json written
127 silly install resolved [ { name: 'nan',
127 silly install resolved     version: '2.4.0',
127 silly install resolved     description: 'Native Abstractions for Node.js: C++ header for Node 0.8 -> 6 compatibility',
127 silly install resolved     main: 'include_dirs.js',
127 silly install resolved     repository: { type: 'git', url: 'git://github.com/nodejs/nan.git' },
127 silly install resolved     scripts:
127 silly install resolved      { test: 'tap --gc --stderr test/js/*-test.js',
127 silly install resolved        'rebuild-tests': 'node-gyp rebuild --msvs_version=2013 --directory test',
127 silly install resolved        docs: 'doc/.build.sh' },
127 silly install resolved     contributors:
127 silly install resolved      [ [Object],
127 silly install resolved        [Object],
127 silly install resolved        [Object],
127 silly install resolved        [Object],
127 silly install resolved        [Object],
127 silly install resolved        [Object],
127 silly install resolved        [Object] ],
127 silly install resolved     devDependencies:
127 silly install resolved      { bindings: '~1.2.1',
127 silly install resolved        commander: '^2.8.1',
127 silly install resolved        glob: '^5.0.14',
127 silly install resolved        'node-gyp': '~3.0.1',
127 silly install resolved        'readable-stream': '^2.1.4',
127 silly install resolved        tap: '~0.7.1',
127 silly install resolved        xtend: '~4.0.0' },
127 silly install resolved     license: 'MIT',
127 silly install resolved     bugs: { url: 'https://github.com/nodejs/nan/issues' },
127 silly install resolved     homepage: 'https://github.com/nodejs/nan#readme',
127 silly install resolved     _id: 'nan@2.4.0',
127 silly install resolved     _shasum: 'fb3c59d45fe4effe215f0b890f8adf6eb32d2232',
127 silly install resolved     _resolved: 'https://registry.npmjs.org/nan/-/nan-2.4.0.tgz',
127 silly install resolved     _from: 'nan@>=2.3.2 <3.0.0',
127 silly install resolved     _npmVersion: '3.3.6',
127 silly install resolved     _nodeVersion: '5.0.0',
127 silly install resolved     _npmUser: { name: 'kkoopa', email: 'bbyholm@abo.fi' },
127 silly install resolved     dist:
127 silly install resolved      { shasum: 'fb3c59d45fe4effe215f0b890f8adf6eb32d2232',
127 silly install resolved        tarball: 'https://registry.npmjs.org/nan/-/nan-2.4.0.tgz' },
127 silly install resolved     maintainers: [ [Object], [Object] ],
127 silly install resolved     _npmOperationalInternal:
127 silly install resolved      { host: 'packages-16-east.internal.npmjs.com',
127 silly install resolved        tmp: 'tmp/nan-2.4.0.tgz_1468158679820_0.6951719264034182' },
127 silly install resolved     directories: {},
127 silly install resolved     readme: 'ERROR: No README data found!' } ]
128 info install nan@2.4.0 into /Users/Adecrown/node_modules/canvas
129 info installOne nan@2.4.0
130 verbose installOne of nan to /Users/Adecrown/node_modules/canvas not in flight; installing
131 verbose correctMkdir /Users/Adecrown/.npm/_locks correctMkdir not in flight; initializing
132 verbose lock using /Users/Adecrown/.npm/_locks/nan-d1bb034085502b3e.lock for /Users/Adecrown/node_modules/canvas/node_modules/nan
133 silly install write writing nan 2.4.0 to /Users/Adecrown/node_modules/canvas/node_modules/nan
134 verbose unbuild node_modules/canvas/node_modules/nan
135 silly gentlyRm /Users/Adecrown/node_modules/canvas/node_modules/nan is being purged from base /Users/Adecrown
136 verbose gentlyRm don't care about contents; nuking /Users/Adecrown/node_modules/canvas/node_modules/nan
137 verbose tar unpack /Users/Adecrown/.npm/nan/2.4.0/package.tgz
138 verbose tar unpacking to /Users/Adecrown/node_modules/canvas/node_modules/nan
139 silly gentlyRm /Users/Adecrown/node_modules/canvas/node_modules/nan is being purged
140 verbose gentlyRm don't care about contents; nuking /Users/Adecrown/node_modules/canvas/node_modules/nan
141 silly gunzTarPerm modes [ '755', '644' ]
142 silly gunzTarPerm extractEntry package.json
143 silly gunzTarPerm modified mode [ 'package.json', 436, 420 ]
144 silly gunzTarPerm extractEntry README.md
145 silly gunzTarPerm modified mode [ 'README.md', 436, 420 ]
146 silly gunzTarPerm extractEntry include_dirs.js
147 silly gunzTarPerm modified mode [ 'include_dirs.js', 436, 420 ]
148 silly gunzTarPerm extractEntry nan_callbacks_pre_12_inl.h
149 silly gunzTarPerm modified mode [ 'nan_callbacks_pre_12_inl.h', 436, 420 ]
150 silly gunzTarPerm extractEntry CHANGELOG.md
151 silly gunzTarPerm modified mode [ 'CHANGELOG.md', 436, 420 ]
152 silly gunzTarPerm extractEntry LICENSE.md
153 silly gunzTarPerm modified mode [ 'LICENSE.md', 436, 420 ]
154 silly gunzTarPerm extractEntry doc/node_misc.md
155 silly gunzTarPerm modified mode [ 'doc/node_misc.md', 436, 420 ]
156 silly gunzTarPerm extractEntry doc/asyncworker.md
157 silly gunzTarPerm modified mode [ 'doc/asyncworker.md', 436, 420 ]
158 silly gunzTarPerm extractEntry doc/callback.md
159 silly gunzTarPerm modified mode [ 'doc/callback.md', 436, 420 ]
160 silly gunzTarPerm extractEntry doc/converters.md
161 silly gunzTarPerm modified mode [ 'doc/converters.md', 436, 420 ]
162 silly gunzTarPerm extractEntry doc/errors.md
163 silly gunzTarPerm modified mode [ 'doc/errors.md', 436, 420 ]
164 silly gunzTarPerm extractEntry doc/maybe_types.md
165 silly gunzTarPerm modified mode [ 'doc/maybe_types.md', 436, 420 ]
166 silly gunzTarPerm extractEntry doc/methods.md
167 silly gunzTarPerm modified mode [ 'doc/methods.md', 436, 420 ]
168 silly gunzTarPerm extractEntry doc/new.md
169 silly gunzTarPerm modified mode [ 'doc/new.md', 436, 420 ]
170 silly gunzTarPerm extractEntry doc/buffers.md
171 silly gunzTarPerm modified mode [ 'doc/buffers.md', 436, 420 ]
172 silly gunzTarPerm extractEntry doc/object_wrappers.md
173 silly gunzTarPerm modified mode [ 'doc/object_wrappers.md', 436, 420 ]
174 silly gunzTarPerm extractEntry doc/persistent.md
175 silly gunzTarPerm modified mode [ 'doc/persistent.md', 436, 420 ]
176 silly gunzTarPerm extractEntry doc/scopes.md
177 silly gunzTarPerm modified mode [ 'doc/scopes.md', 436, 420 ]
178 silly gunzTarPerm extractEntry doc/script.md
179 silly gunzTarPerm modified mode [ 'doc/script.md', 436, 420 ]
180 silly gunzTarPerm extractEntry doc/string_bytes.md
181 silly gunzTarPerm modified mode [ 'doc/string_bytes.md', 436, 420 ]
182 silly gunzTarPerm extractEntry doc/v8_internals.md
183 silly gunzTarPerm modified mode [ 'doc/v8_internals.md', 436, 420 ]
184 silly gunzTarPerm extractEntry doc/v8_misc.md
185 silly gunzTarPerm modified mode [ 'doc/v8_misc.md', 436, 420 ]
186 silly gunzTarPerm extractEntry nan.h
187 silly gunzTarPerm modified mode [ 'nan.h', 436, 420 ]
188 silly gunzTarPerm extractEntry nan_callbacks.h
189 silly gunzTarPerm modified mode [ 'nan_callbacks.h', 436, 420 ]
190 silly gunzTarPerm extractEntry nan_callbacks_12_inl.h
191 silly gunzTarPerm modified mode [ 'nan_callbacks_12_inl.h', 436, 420 ]
192 silly gunzTarPerm extractEntry nan_converters.h
193 silly gunzTarPerm modified mode [ 'nan_converters.h', 436, 420 ]
194 silly gunzTarPerm extractEntry nan_converters_43_inl.h
195 silly gunzTarPerm modified mode [ 'nan_converters_43_inl.h', 436, 420 ]
196 silly gunzTarPerm extractEntry nan_converters_pre_43_inl.h
197 silly gunzTarPerm modified mode [ 'nan_converters_pre_43_inl.h', 436, 420 ]
198 silly gunzTarPerm extractEntry nan_implementation_12_inl.h
199 silly gunzTarPerm modified mode [ 'nan_implementation_12_inl.h', 436, 420 ]
200 silly gunzTarPerm extractEntry nan_implementation_pre_12_inl.h
201 silly gunzTarPerm modified mode [ 'nan_implementation_pre_12_inl.h', 436, 420 ]
202 silly gunzTarPerm extractEntry nan_maybe_43_inl.h
203 silly gunzTarPerm modified mode [ 'nan_maybe_43_inl.h', 436, 420 ]
204 silly gunzTarPerm extractEntry nan_maybe_pre_43_inl.h
205 silly gunzTarPerm modified mode [ 'nan_maybe_pre_43_inl.h', 436, 420 ]
206 silly gunzTarPerm extractEntry nan_new.h
207 silly gunzTarPerm modified mode [ 'nan_new.h', 436, 420 ]
208 silly gunzTarPerm extractEntry nan_object_wrap.h
209 silly gunzTarPerm modified mode [ 'nan_object_wrap.h', 436, 420 ]
210 silly gunzTarPerm extractEntry nan_persistent_12_inl.h
211 silly gunzTarPerm modified mode [ 'nan_persistent_12_inl.h', 436, 420 ]
212 silly gunzTarPerm extractEntry nan_persistent_pre_12_inl.h
213 silly gunzTarPerm modified mode [ 'nan_persistent_pre_12_inl.h', 436, 420 ]
214 silly gunzTarPerm extractEntry nan_string_bytes.h
215 silly gunzTarPerm modified mode [ 'nan_string_bytes.h', 436, 420 ]
216 silly gunzTarPerm extractEntry nan_typedarray_contents.h
217 silly gunzTarPerm modified mode [ 'nan_typedarray_contents.h', 436, 420 ]
218 silly gunzTarPerm extractEntry nan_weak.h
219 silly gunzTarPerm modified mode [ 'nan_weak.h', 436, 420 ]
220 silly gunzTarPerm extractEntry tools/package.json
221 silly gunzTarPerm modified mode [ 'tools/package.json', 436, 420 ]
222 silly gunzTarPerm extractEntry tools/README.md
223 silly gunzTarPerm modified mode [ 'tools/README.md', 436, 420 ]
224 silly gunzTarPerm extractEntry tools/1to2.js
225 silly gunzTarPerm modified mode [ 'tools/1to2.js', 509, 493 ]
226 verbose write writing to /Users/Adecrown/node_modules/canvas/node_modules/nan/package.json
227 info preinstall nan@2.4.0
228 verbose readDependencies loading dependencies from /Users/Adecrown/node_modules/canvas/node_modules/nan/package.json
229 verbose readDependencies loading dependencies from /Users/Adecrown/node_modules/canvas/node_modules/nan/package.json
230 silly install resolved []
231 verbose about to build /Users/Adecrown/node_modules/canvas/node_modules/nan
232 info build /Users/Adecrown/node_modules/canvas/node_modules/nan
233 info linkStuff nan@2.4.0
234 silly linkStuff nan@2.4.0 has /Users/Adecrown/node_modules/canvas/node_modules as its parent node_modules
235 verbose linkBins nan@2.4.0
236 verbose linkMans nan@2.4.0
237 verbose rebuildBundles nan@2.4.0
238 info install nan@2.4.0
239 info postinstall nan@2.4.0
240 verbose unlock done using /Users/Adecrown/.npm/_locks/nan-d1bb034085502b3e.lock for /Users/Adecrown/node_modules/canvas/node_modules/nan
241 verbose about to build /Users/Adecrown/node_modules/canvas
242 info build /Users/Adecrown/node_modules/canvas
243 info linkStuff canvas@1.6.1
244 silly linkStuff canvas@1.6.1 has /Users/Adecrown/node_modules as its parent node_modules
245 verbose linkBins canvas@1.6.1
246 verbose linkMans canvas@1.6.1
247 verbose rebuildBundles canvas@1.6.1
248 verbose rebuildBundles [ 'nan' ]
249 info install canvas@1.6.1
250 verbose unsafe-perm in lifecycle true
251 info canvas@1.6.1 Failed to exec install script
252 verbose unlock done using /Users/Adecrown/.npm/_locks/canvas-607c1912bd150011.lock for /Users/Adecrown/node_modules/canvas
253 verbose stack Error: canvas@1.6.1 install: `node-gyp rebuild`
253 verbose stack Exit status 1
253 verbose stack     at EventEmitter.<anonymous> (/usr/local/lib/node_modules/npm/lib/utils/lifecycle.js:217:16)
253 verbose stack     at emitTwo (events.js:87:13)
253 verbose stack     at EventEmitter.emit (events.js:172:7)
253 verbose stack     at ChildProcess.<anonymous> (/usr/local/lib/node_modules/npm/lib/utils/spawn.js:24:14)
253 verbose stack     at emitTwo (events.js:87:13)
253 verbose stack     at ChildProcess.emit (events.js:172:7)
253 verbose stack     at maybeClose (internal/child_process.js:829:16)
253 verbose stack     at Process.ChildProcess._handle.onexit (internal/child_process.js:211:5)
254 verbose pkgid canvas@1.6.1
255 verbose cwd /Users/Adecrown/Desktop/Work-Live
256 error Darwin 16.1.0
257 error argv "/usr/local/bin/node" "/usr/local/bin/npm" "install" "canvas"
258 error node v4.6.1
259 error npm  v2.15.9
260 error code ELIFECYCLE
261 error canvas@1.6.1 install: `node-gyp rebuild`
261 error Exit status 1
262 error Failed at the canvas@1.6.1 install script 'node-gyp rebuild'.
262 error This is most likely a problem with the canvas package,
262 error not with npm itself.
262 error Tell the author that this fails on your system:
262 error     node-gyp rebuild
262 error You can get information on how to open an issue for this project with:
262 error     npm bugs canvas
262 error Or if that isn't available, you can get their info via:
262 error
262 error     npm owner ls canvas
262 error There is likely additional logging output above.
263 verbose exit [ 1, true ]
264 verbose unbuild node_modules/canvas
265 info preuninstall canvas@1.6.1
266 info uninstall canvas@1.6.1
267 verbose unbuild rmStuff canvas@1.6.1 from /Users/Adecrown/node_modules
268 info postuninstall canvas@1.6.1
269 silly gentlyRm /Users/Adecrown/node_modules/canvas is being purged from base /Users/Adecrown
270 verbose gentlyRm don't care about contents; nuking /Users/Adecrown/node_modules/canvas
271 silly vacuum-fs purging /Users/Adecrown/node_modules/canvas
272 silly vacuum-fs quitting because other entries in /Users/Adecrown/node_modules
